# JRE version: Java(TM) SE Runtime Environment (8.0_131-b11) (build 1.8.0_131-b11)
# Java VM: Java HotSpot(TM) 64-Bit Server VM (25.131-b11 mixed mode windows-amd64 compressed oops)
Heap:
 PSYoungGen      total 140800K, used 51890K [0x000000076b700000, 0x0000000778500000, 0x00000007c0000000)
  eden space 130048K, 31% used [0x000000076b700000,0x000000076df2f6b0,0x0000000773600000)
  from space 10752K, 99% used [0x0000000773600000,0x000000077407d248,0x0000000774080000)
  to   space 27648K, 0% used [0x0000000776a00000,0x0000000776a00000,0x0000000778500000)
 ParOldGen       total 166912K, used 41608K [0x00000006c2400000, 0x00000006cc700000, 0x000000076b700000)
  object space 166912K, 24% used [0x00000006c2400000,0x00000006c4ca21a8,0x00000006cc700000)
 Metaspace       used 25347K, capacity 26190K, committed 26368K, reserved 1073152K
  class space    used 3021K, capacity 3209K, committed 3328K, reserved 1048576K
GC Heap History (10 events):
Event: 1.705 GC heap before
{Heap before GC invocations=2 (full 0):
 PSYoungGen      total 75776K, used 75753K [0x000000076b700000, 0x0000000774b00000, 0x00000007c0000000)
  eden space 65024K, 100% used [0x000000076b700000,0x000000076f680000,0x000000076f680000)
  from space 10752K, 99% used [0x000000076f680000,0x00000007700fa558,0x0000000770100000)
  to   space 10752K, 0% used [0x0000000774080000,0x0000000774080000,0x0000000774b00000)
 ParOldGen       total 173568K, used 456K [0x00000006c2400000, 0x00000006ccd80000, 0x000000076b700000)
  object space 173568K, 0% used [0x00000006c2400000,0x00000006c2472128,0x00000006ccd80000)
 Metaspace       used 15116K, capacity 15322K, committed 15488K, reserved 1062912K
  class space    used 1832K, capacity 1913K, committed 1920K, reserved 1048576K
Event: 1.715 GC heap after
Heap after GC invocations=2 (full 0):
 PSYoungGen      total 140800K, used 9779K [0x000000076b700000, 0x0000000774b00000, 0x00000007c0000000)
  eden space 130048K, 0% used [0x000000076b700000,0x000000076b700000,0x0000000773600000)
  from space 10752K, 90% used [0x0000000774080000,0x0000000774a0ccb8,0x0000000774b00000)
  to   space 10752K, 0% used [0x0000000773600000,0x0000000773600000,0x0000000774080000)
 ParOldGen       total 173568K, used 472K [0x00000006c2400000, 0x00000006ccd80000, 0x000000076b700000)
  object space 173568K, 0% used [0x00000006c2400000,0x00000006c2476128,0x00000006ccd80000)
 Metaspace       used 15116K, capacity 15322K, committed 15488K, reserved 1062912K
  class space    used 1832K, capacity 1913K, committed 1920K, reserved 1048576K
}
Event: 2.465 GC heap before
{Heap before GC invocations=3 (full 0):
 PSYoungGen      total 140800K, used 139827K [0x000000076b700000, 0x0000000774b00000, 0x00000007c0000000)
  eden space 130048K, 100% used [0x000000076b700000,0x0000000773600000,0x0000000773600000)
  from space 10752K, 90% used [0x0000000774080000,0x0000000774a0ccb8,0x0000000774b00000)
  to   space 10752K, 0% used [0x0000000773600000,0x0000000773600000,0x0000000774080000)
 ParOldGen       total 173568K, used 472K [0x00000006c2400000, 0x00000006ccd80000, 0x000000076b700000)
  object space 173568K, 0% used [0x00000006c2400000,0x00000006c2476128,0x00000006ccd80000)
 Metaspace       used 15683K, capacity 15966K, committed 16128K, reserved 1062912K
  class space    used 1852K, capacity 1951K, committed 2048K, reserved 1048576K
Event: 2.484 GC heap after
Heap after GC invocations=3 (full 0):
 PSYoungGen      total 140800K, used 10728K [0x000000076b700000, 0x0000000774b00000, 0x00000007c0000000)
  eden space 130048K, 0% used [0x000000076b700000,0x000000076b700000,0x0000000773600000)
  from space 10752K, 99% used [0x0000000773600000,0x000000077407a020,0x0000000774080000)
  to   space 10752K, 0% used [0x0000000774080000,0x0000000774080000,0x0000000774b00000)
 ParOldGen       total 173568K, used 11728K [0x00000006c2400000, 0x00000006ccd80000, 0x000000076b700000)
  object space 173568K, 6% used [0x00000006c2400000,0x00000006c2f74228,0x00000006ccd80000)
 Metaspace       used 15683K, capacity 15966K, committed 16128K, reserved 1062912K
  class space    used 1852K, capacity 1951K, committed 2048K, reserved 1048576K
}
Event: 3.560 GC heap before
{Heap before GC invocations=4 (full 0):
 PSYoungGen      total 140800K, used 134254K [0x000000076b700000, 0x0000000774b00000, 0x00000007c0000000)
  eden space 130048K, 94% used [0x000000076b700000,0x0000000772fa1ac0,0x0000000773600000)
  from space 10752K, 99% used [0x0000000773600000,0x000000077407a020,0x0000000774080000)
  to   space 10752K, 0% used [0x0000000774080000,0x0000000774080000,0x0000000774b00000)
 ParOldGen       total 173568K, used 11728K [0x00000006c2400000, 0x00000006ccd80000, 0x000000076b700000)
  object space 173568K, 6% used [0x00000006c2400000,0x00000006c2f74228,0x00000006ccd80000)
 Metaspace       used 20700K, capacity 21158K, committed 21296K, reserved 1069056K
  class space    used 2483K, capacity 2617K, committed 2688K, reserved 1048576K
Event: 3.590 GC heap after
Heap after GC invocations=4 (full 0):
 PSYoungGen      total 140800K, used 10744K [0x000000076b700000, 0x0000000774b00000, 0x00000007c0000000)
  eden space 130048K, 0% used [0x000000076b700000,0x000000076b700000,0x0000000773600000)
  from space 10752K, 99% used [0x0000000774080000,0x0000000774afe050,0x0000000774b00000)
  to   space 10752K, 0% used [0x0000000773600000,0x0000000773600000,0x0000000774080000)
 ParOldGen       total 173568K, used 25217K [0x00000006c2400000, 0x00000006ccd80000, 0x000000076b700000)
  object space 173568K, 14% used [0x00000006c2400000,0x00000006c3ca04b0,0x00000006ccd80000)
 Metaspace       used 20700K, capacity 21158K, committed 21296K, reserved 1069056K
  class space    used 2483K, capacity 2617K, committed 2688K, reserved 1048576K
}
Event: 3.590 GC heap before
{Heap before GC invocations=5 (full 1):
 PSYoungGen      total 140800K, used 10744K [0x000000076b700000, 0x0000000774b00000, 0x00000007c0000000)
  eden space 130048K, 0% used [0x000000076b700000,0x000000076b700000,0x0000000773600000)
  from space 10752K, 99% used [0x0000000774080000,0x0000000774afe050,0x0000000774b00000)
  to   space 10752K, 0% used [0x0000000773600000,0x0000000773600000,0x0000000774080000)
 ParOldGen       total 173568K, used 25217K [0x00000006c2400000, 0x00000006ccd80000, 0x000000076b700000)
  object space 173568K, 14% used [0x00000006c2400000,0x00000006c3ca04b0,0x00000006ccd80000)
 Metaspace       used 20700K, capacity 21158K, committed 21296K, reserved 1069056K
  class space    used 2483K, capacity 2617K, committed 2688K, reserved 1048576K
Event: 3.824 GC heap after
Heap after GC invocations=5 (full 1):
 PSYoungGen      total 140800K, used 0K [0x000000076b700000, 0x0000000774b00000, 0x00000007c0000000)
  eden space 130048K, 0% used [0x000000076b700000,0x000000076b700000,0x0000000773600000)
  from space 10752K, 0% used [0x0000000774080000,0x0000000774080000,0x0000000774b00000)
  to   space 10752K, 0% used [0x0000000773600000,0x0000000773600000,0x0000000774080000)
 ParOldGen       total 166912K, used 34029K [0x00000006c2400000, 0x00000006cc700000, 0x000000076b700000)
  object space 166912K, 20% used [0x00000006c2400000,0x00000006c453b5c8,0x00000006cc700000)
 Metaspace       used 20700K, capacity 21158K, committed 21296K, reserved 1069056K
  class space    used 2483K, capacity 2617K, committed 2688K, reserved 1048576K
}
Event: 5.733 GC heap before
{Heap before GC invocations=6 (full 1):
 PSYoungGen      total 140800K, used 130048K [0x000000076b700000, 0x0000000774b00000, 0x00000007c0000000)
  eden space 130048K, 100% used [0x000000076b700000,0x0000000773600000,0x0000000773600000)
  from space 10752K, 0% used [0x0000000774080000,0x0000000774080000,0x0000000774b00000)
  to   space 10752K, 0% used [0x0000000773600000,0x0000000773600000,0x0000000774080000)
 ParOldGen       total 166912K, used 34029K [0x00000006c2400000, 0x00000006cc700000, 0x000000076b700000)
  object space 166912K, 20% used [0x00000006c2400000,0x00000006c453b5c8,0x00000006cc700000)
 Metaspace       used 24462K, capacity 25234K, committed 25344K, reserved 1071104K
  class space    used 2890K, capacity 3063K, committed 3072K, reserved 1048576K
Event: 5.743 GC heap after
Heap after GC invocations=6 (full 1):
 PSYoungGen      total 140800K, used 10740K [0x000000076b700000, 0x0000000778500000, 0x00000007c0000000)
  eden space 130048K, 0% used [0x000000076b700000,0x000000076b700000,0x0000000773600000)
  from space 10752K, 99% used [0x0000000773600000,0x000000077407d248,0x0000000774080000)
  to   space 27648K, 0% used [0x0000000776a00000,0x0000000776a00000,0x0000000778500000)
 ParOldGen       total 166912K, used 41608K [0x00000006c2400000, 0x00000006cc700000, 0x000000076b700000)
  object space 166912K, 24% used [0x00000006c2400000,0x00000006c4ca21a8,0x00000006cc700000)
 Metaspace       used 24462K, capacity 25234K, committed 25344K, reserved 1071104K
  class space    used 2890K, capacity 3063K, committed 3072K, reserved 1048576K
}

